<?xml version="1.0" encoding="UTF-8"?>
<!-- Generated by org.testng.reporters.JUnitReportReporter -->
<testsuite hostname="Sujatas-MacBook-Air.local" failures="0" tests="2" name="com.tests.GoogleSearchTests" time="10.170" errors="0" timestamp="22 Dec 2022 19:27:23 GMT" skipped="0">
  <testcase classname="com.tests.GoogleSearchTests" name="searchTest" time="8.872"/>
  <testcase classname="com.tests.GoogleSearchTests" name="searchTest" time="1.298"/>
</testsuite> <!-- com.tests.GoogleSearchTests -->
