<?xml version="1.0" encoding="UTF-8"?>
<!-- Generated by org.testng.reporters.JUnitReportReporter -->
<testsuite hostname="Sujatas-MacBook-Air.local" failures="0" tests="3" name="com.tests.GoogleSearchTests2" time="60.644" errors="0" timestamp="01 Jan 2023 01:05:48 GMT" skipped="1">
  <testcase classname="com.tests.GoogleSearchTests2" name="searchTest22" time="26.103"/>
  <testcase classname="com.tests.GoogleSearchTests2" name="searchTest21" time="20.619"/>
  <testcase classname="com.tests.GoogleSearchTests2" name="searchTest23" time="13.922">
    <skipped/>
  </testcase> <!-- searchTest23 -->
</testsuite> <!-- com.tests.GoogleSearchTests2 -->
