<?xml version="1.0" encoding="UTF-8"?>
<!-- Generated by org.testng.reporters.JUnitReportReporter -->
<testsuite hostname="Sujatas-MacBook-Air.local" failures="0" tests="3" name="com.university.tests.UniversityTest" time="0.035" errors="0" timestamp="03 Jan 2023 22:47:03 GMT" skipped="0">
  <testcase classname="com.university.tests.UniversityTest" name="testUniversity_1usernames" time="0.005"/>
  <testcase classname="com.university.tests.UniversityTest" name="testUniversity_2student" time="0.017"/>
  <testcase classname="com.university.tests.UniversityTest" name="testUniversity_3" time="0.013"/>
</testsuite> <!-- com.university.tests.UniversityTest -->
