<?xml version="1.0" encoding="UTF-8"?>
<!-- Generated by org.testng.reporters.JUnitReportReporter -->
<testsuite hostname="Sujatas-MacBook-Air.local" failures="0" tests="4" name="com.university.tests.StudentTest" time="0.259" errors="0" timestamp="03 Jan 2023 22:47:03 GMT" skipped="0">
  <testcase classname="com.university.tests.StudentTest" name="testStudentUniversity_3counts" time="0.016"/>
  <testcase classname="com.university.tests.StudentTest" name="testStudentUniversity_4All" time="0.010"/>
  <testcase classname="com.university.tests.StudentTest" name="testStudentUniversity_1" time="0.221"/>
  <testcase classname="com.university.tests.StudentTest" name="testStudentUniversity_2" time="0.012"/>
</testsuite> <!-- com.university.tests.StudentTest -->
